<?xml version="1.0" encoding="UTF-8"?>
<!-- Generated by org.testng.reporters.JUnitXMLReporter -->
<testsuite ignored="0" hostname="DESKTOP-1D8CK3P" failures="1" tests="8" name="Test" time="409.739" errors="0" timestamp="17 Oct 2018 09:54:34 GMT">
  <testcase classname="actions.BookerActions" name="BookerLogin" time="12.468"/>
  <testcase classname="actions.BookerActions" name="CheckBookerLoginUsingQuery" time="39.406"/>
  <testcase classname="actions.BookerActions" name="BookFlight" time="141.866">
    <failure type="java.lang.AssertionError" message="expected [Giao dịch thành công.] but found [Có lỗi xảy ra, giao dịch không thành công.]">
      <![CDATA[java.lang.AssertionError: expected [Giao dịch thành công.] but found [Có lỗi xảy ra, giao dịch không thành công.]
at actions.BookerActions.BookFlight(BookerActions.java:670)
... Removed 40 stack frames]]>
    </failure>
  </testcase> <!-- BookFlight -->
  <testcase classname="actions.BookerActions" name="AddBaggage" time="41.89"/>
  <testcase classname="actions.BookerActions" name="ChangeItinerary" time="44.066"/>
  <testcase classname="actions.BookerActions" name="ResendConfirmEmail" time="26.777"/>
  <testcase classname="actions.BookerActions" name="RefundRequest" time="26.794"/>
  <testcase classname="actions.BookerActions" name="VATRequest" time="27.047"/>
</testsuite> <!-- Test -->
