<?xml version="1.0" encoding="UTF-8"?>
<testng-results ignored="0" total="1" passed="1" failed="0" skipped="0">
  <reporter-output>
  </reporter-output>
  <suite started-at="2018-10-01T04:51:12Z" name="Suite" finished-at="2018-10-01T04:51:44Z" duration-ms="31816">
    <groups>
    </groups>
    <test started-at="2018-10-01T04:51:12Z" name="Test" finished-at="2018-10-01T04:51:44Z" duration-ms="31816">
      <class name="actions.BookerActions">
        <test-method is-config="true" signature="beforeTest()[pri:0, instance:actions.BookerActions@46fa7c39]" started-at="2018-10-01T04:51:12Z" name="beforeTest" finished-at="2018-10-01T04:51:18Z" duration-ms="6477" status="PASS">
          <reporter-output>
          </reporter-output>
        </test-method> <!-- beforeTest -->
        <test-method signature="VATRequest(java.lang.String, java.lang.String)[pri:8, instance:actions.BookerActions@46fa7c39]" started-at="2018-10-01T04:51:18Z" name="VATRequest" finished-at="2018-10-01T04:51:43Z" duration-ms="24498" status="PASS">
          <params>
            <param index="0">
              <value>
                <![CDATA[0988100942]]>
              </value>
            </param>
            <param index="1">
              <value>
                <![CDATA[123456]]>
              </value>
            </param>
          </params>
          <reporter-output>
          </reporter-output>
        </test-method> <!-- VATRequest -->
        <test-method is-config="true" signature="afterTest()[pri:0, instance:actions.BookerActions@46fa7c39]" started-at="2018-10-01T04:51:43Z" name="afterTest" finished-at="2018-10-01T04:51:44Z" duration-ms="821" status="PASS">
          <reporter-output>
          </reporter-output>
        </test-method> <!-- afterTest -->
      </class> <!-- actions.BookerActions -->
    </test> <!-- Test -->
  </suite> <!-- Suite -->
</testng-results>
