<?xml version="1.0" encoding="UTF-8"?>
<testng-results ignored="0" total="1" passed="1" failed="0" skipped="0">
  <reporter-output>
  </reporter-output>
  <suite started-at="2018-10-16T04:13:38Z" name="Suite" finished-at="2018-10-16T04:14:25Z" duration-ms="46581">
    <groups>
    </groups>
    <test started-at="2018-10-16T04:13:38Z" name="Test" finished-at="2018-10-16T04:14:25Z" duration-ms="46581">
      <class name="actions.BookerActions">
        <test-method is-config="true" signature="beforeTest()[pri:0, instance:actions.BookerActions@53aad5d5]" started-at="2018-10-16T04:13:38Z" name="beforeTest" finished-at="2018-10-16T04:13:44Z" duration-ms="5698" status="PASS">
          <reporter-output>
          </reporter-output>
        </test-method> <!-- beforeTest -->
        <test-method signature="CheckBookerLoginUsingQuery()[pri:0, instance:actions.BookerActions@53aad5d5]" started-at="2018-10-16T04:13:44Z" name="CheckBookerLoginUsingQuery" finished-at="2018-10-16T04:14:24Z" duration-ms="40071" status="PASS">
          <reporter-output>
          </reporter-output>
        </test-method> <!-- CheckBookerLoginUsingQuery -->
        <test-method is-config="true" signature="afterTest()[pri:0, instance:actions.BookerActions@53aad5d5]" started-at="2018-10-16T04:14:24Z" name="afterTest" finished-at="2018-10-16T04:14:25Z" duration-ms="794" status="PASS">
          <reporter-output>
          </reporter-output>
        </test-method> <!-- afterTest -->
      </class> <!-- actions.BookerActions -->
    </test> <!-- Test -->
  </suite> <!-- Suite -->
</testng-results>
